<?xml version="1.0" encoding="UTF-8"?>
<!-- Generated by org.testng.reporters.JUnitReportReporter -->
<testsuite skipped="0" hostname="Stass-MacBook-Pro.local" name="STI.Test2" tests="2" failures="0" timestamp="30 Jan 2018 04:29:17 GMT" time="0.007" errors="0">
  <testcase name="TestTwoTwo" time="0.001" classname="STI.Test2"/>
  <testcase name="TestTwoOne" time="0.006" classname="STI.Test2"/>
</testsuite> <!-- STI.Test2 -->
