<?xml version="1.0" encoding="UTF-8"?>
<!-- Generated by org.testng.reporters.JUnitReportReporter -->
<testsuite skipped="0" hostname="Stass-MacBook-Pro.local" name="STI.ItemListTest" tests="1" failures="0" timestamp="01 Feb 2018 07:07:19 GMT" time="12.101" errors="0">
  <testcase name="OnePageResultVerefication" time="12.101" classname="STI.ItemListTest"/>
</testsuite> <!-- STI.ItemListTest -->
