<?xml version="1.0" encoding="UTF-8"?>
<!-- Generated by org.testng.reporters.JUnitReportReporter -->
<testsuite skipped="0" hostname="Stass-MacBook-Pro.local" name="STI.Test1" tests="2" failures="0" timestamp="30 Jan 2018 04:29:27 GMT" time="0.003" errors="0">
  <testcase name="TestOneTwo" time="0.002" classname="STI.Test1"/>
  <testcase name="TestOneOne" time="0.001" classname="STI.Test1"/>
</testsuite> <!-- STI.Test1 -->
