<?xml version="1.0" encoding="UTF-8"?>
<!-- Generated by org.testng.reporters.JUnitReportReporter -->
<testsuite skipped="0" hostname="Stass-MacBook-Pro.local" name="STI.UserNameVereficationTest" tests="1" failures="0" timestamp="30 Jan 2018 06:17:55 GMT" time="6.239" errors="0">
  <testcase name="accountNameVerification" time="6.239" classname="STI.UserNameVereficationTest"/>
</testsuite> <!-- STI.UserNameVereficationTest -->
