<?xml version="1.0" encoding="UTF-8"?>
<!-- Generated by org.testng.reporters.JUnitReportReporter -->
<testsuite skipped="0" hostname="Stass-MacBook-Pro.local" name="STI.base" tests="1" failures="0" timestamp="28 Jan 2018 23:17:42 GMT" time="0.007" errors="0">
  <testcase name="initiaslazeDriver" time="0.007" classname="STI.base"/>
</testsuite> <!-- STI.base -->
