<?xml version="1.0" encoding="UTF-8"?>
<!-- Generated by org.testng.reporters.JUnitReportReporter -->
<testsuite skipped="0" hostname="Stass-MacBook-Pro.local" name="STI.Test3" tests="2" failures="0" timestamp="30 Jan 2018 04:30:54 GMT" time="0.000" errors="0">
  <testcase name="TestThreeOne" time="0.000" classname="STI.Test3"/>
  <testcase name="TestThreeTwo" time="0.000" classname="STI.Test3"/>
</testsuite> <!-- STI.Test3 -->
