<?xml version="1.0" encoding="UTF-8"?>
<!-- Generated by org.testng.reporters.JUnitReportReporter -->
<testsuite skipped="0" hostname="Stass-MacBook-Pro.local" name="STI.UserNameVereficationTest" tests="1" failures="0" timestamp="01 Feb 2018 04:30:34 GMT" time="8.845" errors="0">
  <testcase name="accountNameVerification" time="8.845" classname="STI.UserNameVereficationTest"/>
</testsuite> <!-- STI.UserNameVereficationTest -->
