<?xml version="1.0" encoding="UTF-8"?>
<!-- Generated by org.testng.reporters.JUnitReportReporter -->
<testsuite skipped="0" hostname="Stass-MacBook-Pro.local" name="STI.HomePageTest" tests="2" failures="0" timestamp="01 Feb 2018 07:08:35 GMT" time="7.204" errors="0">
  <testcase name="logIn" time="7.165" classname="STI.HomePageTest"/>
  <testcase name="UserNameVerificarion" time="0.039" classname="STI.HomePageTest"/>
</testsuite> <!-- STI.HomePageTest -->
